<?xml version="1.0" encoding="UTF-8"?>
<!-- Generated by org.testng.reporters.JUnitXMLReporter -->
<testsuite ignored="0" hostname="DESKTOP-SKRGRIP" failures="0" tests="19" name="Default test" time="283.947" errors="0" timestamp="2025-07-23T19:09:42 IST">
  <testcase classname="Google_Search_Operator_Filtration.Google_Search_001" name="Fetchdata" time="16.699"/>
  <testcase classname="Google_Search_Operator_Filtration.Google_Search_001" name="analyseURLs" time="32.843"/>
  <testcase classname="Google_Search_Operator_Filtration.Google_Search_001" name="analyseURLs" time="34.152"/>
  <testcase classname="Google_Search_Operator_Filtration.Google_Search_001" name="analyseURLs" time="29.067"/>
  <testcase classname="Google_Search_Operator_Filtration.Google_Search_001" name="analyseURLs" time="14.356"/>
  <testcase classname="Google_Search_Operator_Filtration.Google_Search_001" name="analyseURLs" time="13.818"/>
  <testcase classname="Google_Search_Operator_Filtration.Google_Search_001" name="analyseURLs" time="22.719"/>
  <testcase classname="Google_Search_Operator_Filtration.Google_Search_001" name="analyseURLs" time="21.194"/>
  <testcase classname="Google_Search_Operator_Filtration.Google_Search_001" name="analyseURLs" time="29.468"/>
  <testcase classname="Google_Search_Operator_Filtration.Google_Search_001" name="analyseURLs" time="32.299"/>
  <testcase classname="Google_Search_Operator_Filtration.Google_Search_001" name="analyseURLs" time="32.208"/>
  <testcase classname="Google_Search_Operator_Filtration.Google_Search_001" name="analyseURLs" time="0.005"/>
  <testcase classname="Google_Search_Operator_Filtration.Google_Search_001" name="analyseURLs" time="0.002"/>
  <testcase classname="Google_Search_Operator_Filtration.Google_Search_001" name="analyseURLs" time="0.006"/>
  <testcase classname="Google_Search_Operator_Filtration.Google_Search_001" name="analyseURLs" time="0.003"/>
  <testcase classname="Google_Search_Operator_Filtration.Google_Search_001" name="analyseURLs" time="0.002"/>
  <testcase classname="Google_Search_Operator_Filtration.Google_Search_001" name="analyseURLs" time="0.003"/>
  <testcase classname="Google_Search_Operator_Filtration.Google_Search_001" name="analyseURLs" time="0.003"/>
  <testcase classname="Google_Search_Operator_Filtration.Google_Search_001" name="deleteExcelIfNoSheet" time="0.136"/>
</testsuite> <!-- Default test -->
