<?xml version="1.0" encoding="UTF-8"?>
<testng-results ignored="0" total="19" passed="19" failed="0" skipped="0">
  <reporter-output>
  </reporter-output>
  <suite started-at="2025-07-23T19:04:58 IST" name="Default suite" finished-at="2025-07-23T19:09:42 IST" duration-ms="283947">
    <groups>
    </groups>
    <test started-at="2025-07-23T19:04:58 IST" name="Default test" finished-at="2025-07-23T19:09:42 IST" duration-ms="283947">
      <class name="Google_Search_Operator_Filtration.Google_Search_001">
        <test-method is-config="true" signature="browseropen()[pri:0, instance:Google_Search_Operator_Filtration.Google_Search_001@4bc222e]" started-at="2025-07-23T19:04:58 IST" name="browseropen" finished-at="2025-07-23T19:05:01 IST" duration-ms="3106" status="PASS">
          <reporter-output>
          </reporter-output>
        </test-method> <!-- browseropen -->
        <test-method signature="Fetchdata()[pri:1, instance:Google_Search_Operator_Filtration.Google_Search_001@4bc222e]" started-at="2025-07-23T19:05:01 IST" name="Fetchdata" finished-at="2025-07-23T19:05:18 IST" duration-ms="16699" status="PASS">
          <reporter-output>
          </reporter-output>
        </test-method> <!-- Fetchdata -->
        <test-method signature="analyseURLs(java.lang.String)[pri:2, instance:Google_Search_Operator_Filtration.Google_Search_001@4bc222e]" started-at="2025-07-23T19:05:18 IST" name="analyseURLs" data-provider="excelData" finished-at="2025-07-23T19:05:50 IST" depends-on-methods="Google_Search_Operator_Filtration.Google_Search_001.Fetchdata" duration-ms="32843" status="PASS">
          <params>
            <param index="0">
              <value>
                <![CDATA[https://www.linkedin.com/jobs/view/app-developer-at-pennant-4265459576]]>
              </value>
            </param>
          </params>
          <reporter-output>
          </reporter-output>
        </test-method> <!-- analyseURLs -->
        <test-method signature="analyseURLs(java.lang.String)[pri:2, instance:Google_Search_Operator_Filtration.Google_Search_001@4bc222e]" started-at="2025-07-23T19:05:50 IST" name="analyseURLs" data-provider="excelData" finished-at="2025-07-23T19:06:25 IST" depends-on-methods="Google_Search_Operator_Filtration.Google_Search_001.Fetchdata" duration-ms="34152" status="PASS">
          <params>
            <param index="0">
              <value>
                <![CDATA[https://www.linkedin.com/jobs/view/app-developer-python-flask-api-at-korecx-4245370758]]>
              </value>
            </param>
          </params>
          <reporter-output>
          </reporter-output>
        </test-method> <!-- analyseURLs -->
        <test-method signature="analyseURLs(java.lang.String)[pri:2, instance:Google_Search_Operator_Filtration.Google_Search_001@4bc222e]" started-at="2025-07-23T19:06:25 IST" name="analyseURLs" data-provider="excelData" finished-at="2025-07-23T19:06:54 IST" depends-on-methods="Google_Search_Operator_Filtration.Google_Search_001.Fetchdata" duration-ms="29067" status="PASS">
          <params>
            <param index="0">
              <value>
                <![CDATA[https://www.linkedin.com/jobs/view/app-developer-at-matchedvows-llc-4252107484]]>
              </value>
            </param>
          </params>
          <reporter-output>
          </reporter-output>
        </test-method> <!-- analyseURLs -->
        <test-method signature="analyseURLs(java.lang.String)[pri:2, instance:Google_Search_Operator_Filtration.Google_Search_001@4bc222e]" started-at="2025-07-23T19:06:54 IST" name="analyseURLs" data-provider="excelData" finished-at="2025-07-23T19:07:08 IST" depends-on-methods="Google_Search_Operator_Filtration.Google_Search_001.Fetchdata" duration-ms="14356" status="PASS">
          <params>
            <param index="0">
              <value>
                <![CDATA[https://www.linkedin.com/jobs/view/app-developer-support-at-hirenza-4258205143]]>
              </value>
            </param>
          </params>
          <reporter-output>
          </reporter-output>
        </test-method> <!-- analyseURLs -->
        <test-method signature="analyseURLs(java.lang.String)[pri:2, instance:Google_Search_Operator_Filtration.Google_Search_001@4bc222e]" started-at="2025-07-23T19:07:08 IST" name="analyseURLs" data-provider="excelData" finished-at="2025-07-23T19:07:22 IST" depends-on-methods="Google_Search_Operator_Filtration.Google_Search_001.Fetchdata" duration-ms="13818" status="PASS">
          <params>
            <param index="0">
              <value>
                <![CDATA[https://www.linkedin.com/jobs/view/app-developer-at-miraclesence-4211633731]]>
              </value>
            </param>
          </params>
          <reporter-output>
          </reporter-output>
        </test-method> <!-- analyseURLs -->
        <test-method signature="analyseURLs(java.lang.String)[pri:2, instance:Google_Search_Operator_Filtration.Google_Search_001@4bc222e]" started-at="2025-07-23T19:07:22 IST" name="analyseURLs" data-provider="excelData" finished-at="2025-07-23T19:07:45 IST" depends-on-methods="Google_Search_Operator_Filtration.Google_Search_001.Fetchdata" duration-ms="22719" status="PASS">
          <params>
            <param index="0">
              <value>
                <![CDATA[https://www.linkedin.com/jobs/view/app-developer-wi-fi-networks-at-braintrust-4262369993]]>
              </value>
            </param>
          </params>
          <reporter-output>
          </reporter-output>
        </test-method> <!-- analyseURLs -->
        <test-method signature="analyseURLs(java.lang.String)[pri:2, instance:Google_Search_Operator_Filtration.Google_Search_001@4bc222e]" started-at="2025-07-23T19:07:45 IST" name="analyseURLs" data-provider="excelData" finished-at="2025-07-23T19:08:06 IST" depends-on-methods="Google_Search_Operator_Filtration.Google_Search_001.Fetchdata" duration-ms="21194" status="PASS">
          <params>
            <param index="0">
              <value>
                <![CDATA[https://www.linkedin.com/jobs/view/app-developer-at-braintrust-4175202399]]>
              </value>
            </param>
          </params>
          <reporter-output>
          </reporter-output>
        </test-method> <!-- analyseURLs -->
        <test-method signature="analyseURLs(java.lang.String)[pri:2, instance:Google_Search_Operator_Filtration.Google_Search_001@4bc222e]" started-at="2025-07-23T19:08:06 IST" name="analyseURLs" data-provider="excelData" finished-at="2025-07-23T19:08:35 IST" depends-on-methods="Google_Search_Operator_Filtration.Google_Search_001.Fetchdata" duration-ms="29468" status="PASS">
          <params>
            <param index="0">
              <value>
                <![CDATA[https://www.linkedin.com/jobs/view/app-developer-at-mantegies-4227288430]]>
              </value>
            </param>
          </params>
          <reporter-output>
          </reporter-output>
        </test-method> <!-- analyseURLs -->
        <test-method signature="analyseURLs(java.lang.String)[pri:2, instance:Google_Search_Operator_Filtration.Google_Search_001@4bc222e]" started-at="2025-07-23T19:08:35 IST" name="analyseURLs" data-provider="excelData" finished-at="2025-07-23T19:09:08 IST" depends-on-methods="Google_Search_Operator_Filtration.Google_Search_001.Fetchdata" duration-ms="32299" status="PASS">
          <params>
            <param index="0">
              <value>
                <![CDATA[https://www.linkedin.com/jobs/view/app-developer-dynamics-365-f-o-at-jobs-via-dice-4177153101]]>
              </value>
            </param>
          </params>
          <reporter-output>
          </reporter-output>
        </test-method> <!-- analyseURLs -->
        <test-method signature="analyseURLs(java.lang.String)[pri:2, instance:Google_Search_Operator_Filtration.Google_Search_001@4bc222e]" started-at="2025-07-23T19:09:08 IST" name="analyseURLs" data-provider="excelData" finished-at="2025-07-23T19:09:40 IST" depends-on-methods="Google_Search_Operator_Filtration.Google_Search_001.Fetchdata" duration-ms="32208" status="PASS">
          <params>
            <param index="0">
              <value>
                <![CDATA[https://www.linkedin.com/jobs/view/application-development-intern-at-medevidences-corporation-4247348333]]>
              </value>
            </param>
          </params>
          <reporter-output>
          </reporter-output>
        </test-method> <!-- analyseURLs -->
        <test-method signature="analyseURLs(java.lang.String)[pri:2, instance:Google_Search_Operator_Filtration.Google_Search_001@4bc222e]" started-at="2025-07-23T19:09:40 IST" name="analyseURLs" data-provider="excelData" finished-at="2025-07-23T19:09:40 IST" depends-on-methods="Google_Search_Operator_Filtration.Google_Search_001.Fetchdata" duration-ms="5" status="PASS">
          <params>
            <param index="0">
              <value>
                <![CDATA[https://www.southteams.com/]]>
              </value>
            </param>
          </params>
          <reporter-output>
          </reporter-output>
        </test-method> <!-- analyseURLs -->
        <test-method signature="analyseURLs(java.lang.String)[pri:2, instance:Google_Search_Operator_Filtration.Google_Search_001@4bc222e]" started-at="2025-07-23T19:09:40 IST" name="analyseURLs" data-provider="excelData" finished-at="2025-07-23T19:09:40 IST" depends-on-methods="Google_Search_Operator_Filtration.Google_Search_001.Fetchdata" duration-ms="2" status="PASS">
          <params>
            <param index="0">
              <value>
                <![CDATA[https://www.southteams.com/contact]]>
              </value>
            </param>
          </params>
          <reporter-output>
          </reporter-output>
        </test-method> <!-- analyseURLs -->
        <test-method signature="analyseURLs(java.lang.String)[pri:2, instance:Google_Search_Operator_Filtration.Google_Search_001@4bc222e]" started-at="2025-07-23T19:09:40 IST" name="analyseURLs" data-provider="excelData" finished-at="2025-07-23T19:09:40 IST" depends-on-methods="Google_Search_Operator_Filtration.Google_Search_001.Fetchdata" duration-ms="6" status="PASS">
          <params>
            <param index="0">
              <value>
                <![CDATA[https://www.southteams.com/careers]]>
              </value>
            </param>
          </params>
          <reporter-output>
          </reporter-output>
        </test-method> <!-- analyseURLs -->
        <test-method signature="analyseURLs(java.lang.String)[pri:2, instance:Google_Search_Operator_Filtration.Google_Search_001@4bc222e]" started-at="2025-07-23T19:09:40 IST" name="analyseURLs" data-provider="excelData" finished-at="2025-07-23T19:09:40 IST" depends-on-methods="Google_Search_Operator_Filtration.Google_Search_001.Fetchdata" duration-ms="3" status="PASS">
          <params>
            <param index="0">
              <value>
                <![CDATA[https://www.southteams.com/book-a-call]]>
              </value>
            </param>
          </params>
          <reporter-output>
          </reporter-output>
        </test-method> <!-- analyseURLs -->
        <test-method signature="analyseURLs(java.lang.String)[pri:2, instance:Google_Search_Operator_Filtration.Google_Search_001@4bc222e]" started-at="2025-07-23T19:09:40 IST" name="analyseURLs" data-provider="excelData" finished-at="2025-07-23T19:09:40 IST" depends-on-methods="Google_Search_Operator_Filtration.Google_Search_001.Fetchdata" duration-ms="2" status="PASS">
          <params>
            <param index="0">
              <value>
                <![CDATA[https://www.southteams.com/about-us]]>
              </value>
            </param>
          </params>
          <reporter-output>
          </reporter-output>
        </test-method> <!-- analyseURLs -->
        <test-method signature="analyseURLs(java.lang.String)[pri:2, instance:Google_Search_Operator_Filtration.Google_Search_001@4bc222e]" started-at="2025-07-23T19:09:40 IST" name="analyseURLs" data-provider="excelData" finished-at="2025-07-23T19:09:40 IST" depends-on-methods="Google_Search_Operator_Filtration.Google_Search_001.Fetchdata" duration-ms="3" status="PASS">
          <params>
            <param index="0">
              <value>
                <![CDATA[https://www.southteams.com/tech-stack]]>
              </value>
            </param>
          </params>
          <reporter-output>
          </reporter-output>
        </test-method> <!-- analyseURLs -->
        <test-method signature="analyseURLs(java.lang.String)[pri:2, instance:Google_Search_Operator_Filtration.Google_Search_001@4bc222e]" started-at="2025-07-23T19:09:40 IST" name="analyseURLs" data-provider="excelData" finished-at="2025-07-23T19:09:40 IST" depends-on-methods="Google_Search_Operator_Filtration.Google_Search_001.Fetchdata" duration-ms="3" status="PASS">
          <params>
            <param index="0">
              <value>
                <![CDATA[https://www.southteams.com/blog]]>
              </value>
            </param>
          </params>
          <reporter-output>
          </reporter-output>
        </test-method> <!-- analyseURLs -->
        <test-method signature="deleteExcelIfNoSheet()[pri:3, instance:Google_Search_Operator_Filtration.Google_Search_001@4bc222e]" started-at="2025-07-23T19:09:40 IST" name="deleteExcelIfNoSheet" finished-at="2025-07-23T19:09:40 IST" depends-on-methods="Google_Search_Operator_Filtration.Google_Search_001.analyseURLs" duration-ms="136" status="PASS">
          <reporter-output>
          </reporter-output>
        </test-method> <!-- deleteExcelIfNoSheet -->
        <test-method is-config="true" signature="signOut()[pri:0, instance:Google_Search_Operator_Filtration.Google_Search_001@4bc222e]" started-at="2025-07-23T19:09:40 IST" name="signOut" finished-at="2025-07-23T19:09:42 IST" duration-ms="1674" status="PASS">
          <reporter-output>
          </reporter-output>
        </test-method> <!-- signOut -->
      </class> <!-- Google_Search_Operator_Filtration.Google_Search_001 -->
    </test> <!-- Default test -->
  </suite> <!-- Default suite -->
</testng-results>
